<?xml version="1.0" encoding="UTF-8"?>
<robot generator="Robot 4.1.1 (Python 3.9.5 on win32)" generated="20210930 17:46:05.151" rpa="false" schemaversion="2">
<suite id="s1" name="Title" source="C:\qaninja\robot\web\tests\title.robot">
<test id="s1-t1" name="Should See Page Title">
<kw name="Nova sessão" library="resource" type="SETUP">
<kw name="Open Browser" library="SeleniumLibrary">
<arg>${url}</arg>
<arg>chrome</arg>
<doc>Opens a new browser instance to the optional ``url``.</doc>
<msg timestamp="20210930 17:46:05.397" level="INFO">Opening browser 'chrome' to base url 'http://training-wheels-protocol.herokuapp.com/'.</msg>
<status status="PASS" starttime="20210930 17:46:05.396" endtime="20210930 17:46:09.224"/>
</kw>
<status status="PASS" starttime="20210930 17:46:05.394" endtime="20210930 17:46:09.224"/>
</kw>
<kw name="Title Should Be" library="SeleniumLibrary">
<arg>Training Wheels Protocol</arg>
<doc>Verifies that the current page title equals ``title``.</doc>
<msg timestamp="20210930 17:46:09.229" level="INFO">Page title is 'Training Wheels Protocol'.</msg>
<status status="PASS" starttime="20210930 17:46:09.225" endtime="20210930 17:46:09.229"/>
</kw>
<kw name="Encerra sessão" library="resource" type="TEARDOWN">
<kw name="Capture Page Screenshot" library="SeleniumLibrary">
<doc>Takes a screenshot of the current page and embeds it into a log file.</doc>
<msg timestamp="20210930 17:46:09.418" level="INFO" html="true">&lt;/td&gt;&lt;/tr&gt;&lt;tr&gt;&lt;td colspan="3"&gt;&lt;a href="selenium-screenshot-8.png"&gt;&lt;img src="selenium-screenshot-8.png" width="800px"&gt;&lt;/a&gt;</msg>
<status status="PASS" starttime="20210930 17:46:09.230" endtime="20210930 17:46:09.418"/>
</kw>
<kw name="Close Browser" library="SeleniumLibrary">
<doc>Closes the current browser.</doc>
<status status="PASS" starttime="20210930 17:46:09.419" endtime="20210930 17:46:11.604"/>
</kw>
<status status="PASS" starttime="20210930 17:46:09.230" endtime="20210930 17:46:11.604"/>
</kw>
<status status="PASS" starttime="20210930 17:46:05.394" endtime="20210930 17:46:11.605"/>
</test>
<status status="PASS" starttime="20210930 17:46:05.153" endtime="20210930 17:46:11.606"/>
</suite>
<statistics>
<total>
<stat pass="1" fail="0" skip="0">All Tests</stat>
</total>
<tag>
</tag>
<suite>
<stat pass="1" fail="0" skip="0" id="s1" name="Title">Title</stat>
</suite>
</statistics>
<errors>
</errors>
</robot>
