<?xml version="1.0" encoding="UTF-8"?>
<robot generator="Robot 4.0.3 (Python 3.9.5 on win32)" generated="20210903 10:52:08.110" rpa="false" schemaversion="2">
<suite id="s1" name="Test" source="c:\qaninja\robot\test.robot">
<test id="s1-t1" name="Deve retornar mensagem de boas vindas">
<kw name="Welcome" library="app">
<var>${result}</var>
<arg>Fernando</arg>
<msg timestamp="20210903 10:52:08.147" level="INFO">${result} = Olá Fernando bem vindo ao curso basico de Robot Framework</msg>
<status status="PASS" starttime="20210903 10:52:08.147" endtime="20210903 10:52:08.147"/>
</kw>
<kw name="Should Be Equal" library="BuiltIn">
<arg>${result}</arg>
<arg>Olá Fernando bem vindo ao curso basico de Robot Framework</arg>
<doc>Fails if the given objects are unequal.</doc>
<status status="PASS" starttime="20210903 10:52:08.148" endtime="20210903 10:52:08.149"/>
</kw>
<status status="PASS" starttime="20210903 10:52:08.146" endtime="20210903 10:52:08.149"/>
</test>
<status status="PASS" starttime="20210903 10:52:08.112" endtime="20210903 10:52:08.151"/>
</suite>
<statistics>
<total>
<stat pass="1" fail="0" skip="0">All Tests</stat>
</total>
<tag>
</tag>
<suite>
<stat pass="1" fail="0" skip="0" id="s1" name="Test">Test</stat>
</suite>
</statistics>
<errors>
</errors>
</robot>
