<?xml version="1.0" encoding="UTF-8"?>
<robot generator="Robot 4.1.1 (Python 3.9.5 on win32)" generated="20211111 11:11:48.626" rpa="false" schemaversion="2">
<suite id="s1" name="Spinner" source="C:\qaninja\twp\tests\spinner.robot">
<test id="s1-t1" name="Deve selecionar um perfil QA">
<kw name="Open Session" library="resource" type="SETUP">
<kw name="Set Appium Timeout" library="AppiumLibrary">
<arg>7</arg>
<doc>Sets the timeout in seconds used by various keywords.</doc>
<status status="PASS" starttime="20211111 11:11:48.886" endtime="20211111 11:11:48.886"/>
</kw>
<kw name="Open Application" library="AppiumLibrary">
<arg>http://localhost:4723/wd/hub</arg>
<arg>automationName=UiAutomator2</arg>
<arg>platformName=Android</arg>
<arg>deviceName=Emulator</arg>
<arg>app=${EXECDIR}/app/twp.apk</arg>
<arg>udid=emulator-5554</arg>
<doc>Opens a new application to given Appium server.
Capabilities of appium server, Android and iOS,
Please check https://github.com/appium/appium/blob/master/docs/en/writing-running-appium/server-args.md
| *Option*            | *Man.* | *Description*     |
| remote_url          | Yes    | Appium server url |
| alias               | no     | alias             |</doc>
<status status="PASS" starttime="20211111 11:11:48.886" endtime="20211111 11:12:05.475"/>
</kw>
<kw name="Get Started" library="helpers">
<kw name="Wait Until Page Contains" library="AppiumLibrary">
<arg>${BTN_COMEÇAR}</arg>
<doc>Waits until `text` appears on current page.</doc>
<status status="PASS" starttime="20211111 11:12:05.476" endtime="20211111 11:12:09.277"/>
</kw>
<kw name="Click Text" library="AppiumLibrary">
<arg>${BTN_COMEÇAR}</arg>
<doc>Click text identified by ``text``.</doc>
<status status="PASS" starttime="20211111 11:12:09.277" endtime="20211111 11:12:09.449"/>
</kw>
<status status="PASS" starttime="20211111 11:12:05.475" endtime="20211111 11:12:09.449"/>
</kw>
<status status="PASS" starttime="20211111 11:11:48.885" endtime="20211111 11:12:09.449"/>
</kw>
<kw name="Go To Signup Form" library="helpers">
<kw name="Open Nav" library="helpers">
<kw name="Wait Until Element Is Visible" library="AppiumLibrary">
<arg>${HAMBURGUER}</arg>
<doc>Waits until element specified with `locator` is visible.</doc>
<status status="PASS" starttime="20211111 11:12:09.451" endtime="20211111 11:12:10.697"/>
</kw>
<kw name="Click Element" library="AppiumLibrary">
<arg>${HAMBURGUER}</arg>
<doc>Click element identified by `locator`.</doc>
<msg timestamp="20211111 11:12:10.700" level="INFO">Clicking element 'xpath=//android.widget.ImageButton[@content-desc="Open navigation drawer"]'.</msg>
<status status="PASS" starttime="20211111 11:12:10.697" endtime="20211111 11:12:10.799"/>
</kw>
<kw name="Wait Until Element Is Visible" library="AppiumLibrary">
<arg>${NAV_TELA_LATERAL}</arg>
<doc>Waits until element specified with `locator` is visible.</doc>
<status status="PASS" starttime="20211111 11:12:10.799" endtime="20211111 11:12:11.839"/>
</kw>
<status status="PASS" starttime="20211111 11:12:09.450" endtime="20211111 11:12:11.840"/>
</kw>
<kw name="Click Text" library="AppiumLibrary">
<arg>FORMS</arg>
<doc>Click text identified by ``text``.</doc>
<status status="PASS" starttime="20211111 11:12:11.840" endtime="20211111 11:12:11.989"/>
</kw>
<kw name="Wait Until Page Contains" library="AppiumLibrary">
<arg>FORMS</arg>
<doc>Waits until `text` appears on current page.</doc>
<status status="PASS" starttime="20211111 11:12:11.989" endtime="20211111 11:12:12.450"/>
</kw>
<kw name="Click Text" library="AppiumLibrary">
<arg>CADASTRO</arg>
<doc>Click text identified by ``text``.</doc>
<status status="PASS" starttime="20211111 11:12:12.450" endtime="20211111 11:12:12.988"/>
</kw>
<kw name="Wait Until Page Contains" library="AppiumLibrary">
<arg>Bem-vindo, crie sua conta.</arg>
<doc>Waits until `text` appears on current page.</doc>
<status status="PASS" starttime="20211111 11:12:12.988" endtime="20211111 11:12:14.135"/>
</kw>
<status status="PASS" starttime="20211111 11:12:09.450" endtime="20211111 11:12:14.136"/>
</kw>
<kw name="Choice Job">
<arg>QA</arg>
<kw name="Click Element" library="AppiumLibrary">
<arg>${SPINNER}</arg>
<doc>Click element identified by `locator`.</doc>
<msg timestamp="20211111 11:12:14.139" level="INFO">Clicking element 'id=io.qaninja.android.twp:id/spinnerJob'.</msg>
<status status="PASS" starttime="20211111 11:12:14.137" endtime="20211111 11:12:14.194"/>
</kw>
<kw name="Wait Until Element Is Visible" library="AppiumLibrary">
<arg>${LIST_OPTIONS}</arg>
<doc>Waits until element specified with `locator` is visible.</doc>
<status status="PASS" starttime="20211111 11:12:14.194" endtime="20211111 11:12:15.162"/>
</kw>
<kw name="Click Text" library="AppiumLibrary">
<arg>${alvo}</arg>
<doc>Click text identified by ``text``.</doc>
<status status="PASS" starttime="20211111 11:12:15.162" endtime="20211111 11:12:15.872"/>
</kw>
<status status="PASS" starttime="20211111 11:12:14.136" endtime="20211111 11:12:15.872"/>
</kw>
<kw name="Input Text" library="AppiumLibrary">
<arg>id=io.qaninja.android.twp:id/etUsername</arg>
<arg>${NAME}</arg>
<doc>Types the given `text` into text field identified by `locator`.</doc>
<msg timestamp="20211111 11:12:15.875" level="INFO">Typing text 'Robson' into text field 'id=io.qaninja.android.twp:id/etUsername'</msg>
<status status="PASS" starttime="20211111 11:12:15.873" endtime="20211111 11:12:16.452"/>
</kw>
<kw name="Input Text" library="AppiumLibrary">
<arg>id=io.qaninja.android.twp:id/etEmail</arg>
<arg>${EMAIL_FAKER}</arg>
<doc>Types the given `text` into text field identified by `locator`.</doc>
<msg timestamp="20211111 11:12:16.454" level="INFO">Typing text 'robsonaso@hotmail.com' into text field 'id=io.qaninja.android.twp:id/etEmail'</msg>
<status status="PASS" starttime="20211111 11:12:16.452" endtime="20211111 11:12:17.003"/>
</kw>
<kw name="Input Text" library="AppiumLibrary">
<arg>id=io.qaninja.android.twp:id/etPassword</arg>
<arg>${SENHA}</arg>
<doc>Types the given `text` into text field identified by `locator`.</doc>
<msg timestamp="20211111 11:12:17.007" level="INFO">Typing text '123456789' into text field 'id=io.qaninja.android.twp:id/etPassword'</msg>
<status status="PASS" starttime="20211111 11:12:17.005" endtime="20211111 11:12:18.041"/>
</kw>
<kw name="Click Button" library="AppiumLibrary">
<arg>CADASTRAR</arg>
<doc>Click button</doc>
<msg timestamp="20211111 11:12:18.573" level="INFO">'QA NINJA'.</msg>
<msg timestamp="20211111 11:12:18.610" level="INFO">'CADASTRAR'.</msg>
<msg timestamp="20211111 11:12:18.645" level="INFO">Clicking element 'CADASTRAR'.</msg>
<status status="PASS" starttime="20211111 11:12:18.042" endtime="20211111 11:12:18.678"/>
</kw>
<kw name="Wait Until Page Contains" library="AppiumLibrary">
<arg>Tudo certo, recebemos seus dados!</arg>
<doc>Waits until `text` appears on current page.</doc>
<status status="PASS" starttime="20211111 11:12:18.678" endtime="20211111 11:12:18.898"/>
</kw>
<kw name="Close Session" library="resource" type="TEARDOWN">
<kw name="Close Application" library="AppiumLibrary">
<doc>Closes the current application and also close webdriver session.</doc>
<status status="PASS" starttime="20211111 11:12:18.899" endtime="20211111 11:12:20.233"/>
</kw>
<status status="PASS" starttime="20211111 11:12:18.899" endtime="20211111 11:12:20.233"/>
</kw>
<tag>qa</tag>
<status status="PASS" starttime="20211111 11:11:48.885" endtime="20211111 11:12:20.239"/>
</test>
<doc>aula de spinner</doc>
<status status="PASS" starttime="20211111 11:11:48.628" endtime="20211111 11:12:20.241"/>
</suite>
<statistics>
<total>
<stat pass="1" fail="0" skip="0">All Tests</stat>
</total>
<tag>
<stat pass="1" fail="0" skip="0">qa</stat>
</tag>
<suite>
<stat pass="1" fail="0" skip="0" id="s1" name="Spinner">Spinner</stat>
</suite>
</statistics>
<errors>
</errors>
</robot>
