<?xml version="1.0" encoding="UTF-8"?>
<robot generator="Robot 4.1.1 (Python 3.9.5 on win32)" generated="20211021 17:56:01.759" rpa="false" schemaversion="2">
<suite id="s1" name="Drag-And-Drop" source="C:\qaninja\twp\tests\drag-and-drop.robot">
<test id="s1-t1" name="Deve mover o Hulk para o topo da lista">
<kw name="Open Session" library="resource" type="SETUP">
<kw name="Set Appium Timeout" library="AppiumLibrary">
<arg>7</arg>
<doc>Sets the timeout in seconds used by various keywords.</doc>
<status status="PASS" starttime="20211021 17:56:02.011" endtime="20211021 17:56:02.012"/>
</kw>
<kw name="Open Application" library="AppiumLibrary">
<arg>http://localhost:4723/wd/hub</arg>
<arg>automationName=UiAutomator2</arg>
<arg>platformName=Android</arg>
<arg>deviceName=Emulator</arg>
<arg>app=${EXECDIR}/app/twp.apk</arg>
<arg>udid=emulator-5554</arg>
<doc>Opens a new application to given Appium server.
Capabilities of appium server, Android and iOS,
Please check https://github.com/appium/appium/blob/master/docs/en/writing-running-appium/server-args.md
| *Option*            | *Man.* | *Description*     |
| remote_url          | Yes    | Appium server url |
| alias               | no     | alias             |</doc>
<status status="PASS" starttime="20211021 17:56:02.012" endtime="20211021 17:56:16.495"/>
</kw>
<kw name="Get Started" library="helpers">
<kw name="Wait Until Page Contains" library="AppiumLibrary">
<arg>${BTN_COMEÇAR}</arg>
<doc>Waits until `text` appears on current page.</doc>
<status status="PASS" starttime="20211021 17:56:16.496" endtime="20211021 17:56:20.419"/>
</kw>
<kw name="Click Text" library="AppiumLibrary">
<arg>${BTN_COMEÇAR}</arg>
<doc>Click text identified by ``text``.</doc>
<status status="PASS" starttime="20211021 17:56:20.419" endtime="20211021 17:56:20.582"/>
</kw>
<status status="PASS" starttime="20211021 17:56:16.495" endtime="20211021 17:56:20.582"/>
</kw>
<status status="PASS" starttime="20211021 17:56:02.011" endtime="20211021 17:56:20.583"/>
</kw>
<kw name="Go To Avengers List" library="helpers">
<kw name="Open Nav" library="helpers">
<kw name="Wait Until Element Is Visible" library="AppiumLibrary">
<arg>${HAMBURGUER}</arg>
<doc>Waits until element specified with `locator` is visible.</doc>
<status status="PASS" starttime="20211021 17:56:20.584" endtime="20211021 17:56:21.826"/>
</kw>
<kw name="Click Element" library="AppiumLibrary">
<arg>${HAMBURGUER}</arg>
<doc>Click element identified by `locator`.</doc>
<msg timestamp="20211021 17:56:21.828" level="INFO">Clicking element 'xpath=//android.widget.ImageButton[@content-desc="Open navigation drawer"]'.</msg>
<status status="PASS" starttime="20211021 17:56:21.826" endtime="20211021 17:56:21.906"/>
</kw>
<kw name="Wait Until Element Is Visible" library="AppiumLibrary">
<arg>${NAV_TELA_LATERAL}</arg>
<doc>Waits until element specified with `locator` is visible.</doc>
<status status="PASS" starttime="20211021 17:56:21.907" endtime="20211021 17:56:22.919"/>
</kw>
<status status="PASS" starttime="20211021 17:56:20.583" endtime="20211021 17:56:22.919"/>
</kw>
<kw name="Click Text" library="AppiumLibrary">
<arg>AVENGERS</arg>
<doc>Click text identified by ``text``.</doc>
<status status="PASS" starttime="20211021 17:56:22.919" endtime="20211021 17:56:23.022"/>
</kw>
<kw name="Wait Until Page Contains" library="AppiumLibrary">
<arg>AVENGERS</arg>
<doc>Waits until `text` appears on current page.</doc>
<status status="PASS" starttime="20211021 17:56:23.023" endtime="20211021 17:56:23.497"/>
</kw>
<kw name="Click Text" library="AppiumLibrary">
<arg>LISTA</arg>
<doc>Click text identified by ``text``.</doc>
<status status="PASS" starttime="20211021 17:56:23.497" endtime="20211021 17:56:24.040"/>
</kw>
<kw name="Wait Until Page Contains" library="AppiumLibrary">
<arg>LISTA</arg>
<doc>Waits until `text` appears on current page.</doc>
<status status="PASS" starttime="20211021 17:56:24.040" endtime="20211021 17:56:24.471"/>
</kw>
<status status="PASS" starttime="20211021 17:56:20.583" endtime="20211021 17:56:24.471"/>
</kw>
<kw name="Drag and Drop" library="extend">
<arg>io.qaninja.android.twp:id/drag_handle</arg>
<arg>3</arg>
<arg>0</arg>
<status status="PASS" starttime="20211021 17:56:24.471" endtime="20211021 17:56:36.138"/>
</kw>
<kw name="Sleep" library="BuiltIn">
<arg>5</arg>
<doc>Pauses the test executed for the given time.</doc>
<msg timestamp="20211021 17:56:41.139" level="INFO">Slept 5 seconds</msg>
<status status="PASS" starttime="20211021 17:56:36.138" endtime="20211021 17:56:41.139"/>
</kw>
<kw name="Close Session" library="resource" type="TEARDOWN">
<kw name="Close Application" library="AppiumLibrary">
<doc>Closes the current application and also close webdriver session.</doc>
<status status="PASS" starttime="20211021 17:56:41.140" endtime="20211021 17:56:42.297"/>
</kw>
<status status="PASS" starttime="20211021 17:56:41.140" endtime="20211021 17:56:42.298"/>
</kw>
<status status="PASS" starttime="20211021 17:56:02.010" endtime="20211021 17:56:42.298"/>
</test>
<doc>aula de drop and drag movendo listas usando uma programação em Python pois nao existe uma Keyword para esta função tem que passar o locator puro posição que esta mais a posição que vc que ele fique</doc>
<status status="PASS" starttime="20211021 17:56:01.761" endtime="20211021 17:56:42.303"/>
</suite>
<statistics>
<total>
<stat pass="1" fail="0" skip="0">All Tests</stat>
</total>
<tag>
</tag>
<suite>
<stat pass="1" fail="0" skip="0" id="s1" name="Drag-And-Drop">Drag-And-Drop</stat>
</suite>
</statistics>
<errors>
</errors>
</robot>
